Importing i2c based on af56e0aa35f3ae2a4c1a6d1000702df1dd78cb76
Unchanged quilt series i2c
Importing jdelvare-hwmon based on 3.5-rc2
$ git clone -s -l -n -q . ../quilt-tmp
$ cd ../quilt-tmp
$ git reset --hard cfaf025112d3856637ff34a767ef785ef5cf2ca9
HEAD is now at cfaf025 Linux 3.5-rc2
$ git am ../quilt/jdelvare-hwmon/hwmon-coretemp-01-improve-support-of-recent-Atom-CPU-models.patch
Applying: hwmon: (coretemp) Improve support of recent Atom CPU models
$ git am ../quilt/jdelvare-hwmon/hwmon-coretemp-02-add-support-for-Atom-D2000-and-N2000-series.patch
Applying: hwmon: (coretemp) Add support for Atom D2000 and N2000 series CPU models
$ git am ../quilt/jdelvare-hwmon/hwmon-coretemp-03-improve-support-for-tjmax-detection-on-atom-cpus.patch
Applying: hwmon: (coretemp) Improve support for TjMax detection on Atom CPUs
$ git am ../quilt/jdelvare-hwmon/hwmon-coretemp-04-document-tjmax-for-3rd-generation-i5-i7-processors.patch
Applying: hwmon: (coretemp) Document TjMax for 3rd generation i5/i7 processors
$ cd ../next
$ git fetch -f ../quilt-tmp master:quilt/jdelvare-hwmon
From ../quilt-tmp
 + 7ae8d78...893b488 master     -> quilt/jdelvare-hwmon  (forced update)
Importing rr based on v3.5-rc1
Unchanged quilt series rr
Importing device-mapper based on v3.5-rc1
Unchanged quilt series device-mapper
